# JRE version: OpenJDK Runtime Environment (8.0_242-b01) (build 1.8.0_242-release-1644-b01)
# Java VM: OpenJDK 64-Bit Server VM (25.242-b01 mixed mode windows-amd64 compressed oops)
Heap:
 PSYoungGen      total 355840K, used 162869K [0x00000000d5580000, 0x00000000ed180000, 0x0000000100000000)
  eden space 322560K, 46% used [0x00000000d5580000,0x00000000de79f540,0x00000000e9080000)
  from space 33280K, 39% used [0x00000000e9080000,0x00000000e9d6df70,0x00000000eb100000)
  to   space 32256K, 0% used [0x00000000eb200000,0x00000000eb200000,0x00000000ed180000)
 ParOldGen       total 145408K, used 98262K [0x0000000080000000, 0x0000000088e00000, 0x00000000d5580000)
  object space 145408K, 67% used [0x0000000080000000,0x0000000085ff5830,0x0000000088e00000)
 Metaspace       used 79769K, capacity 84212K, committed 84440K, reserved 1122304K
  class space    used 10886K, capacity 11676K, committed 11776K, reserved 1048576K
GC Heap History (10 events):
Event: 31.847 GC heap before
{Heap before GC invocations=22 (full 3):
 PSYoungGen      total 308224K, used 280401K [0x00000000d5580000, 0x00000000ea780000, 0x0000000100000000)
  eden space 272384K, 100% used [0x00000000d5580000,0x00000000e5f80000,0x00000000e5f80000)
  from space 35840K, 22% used [0x00000000e8480000,0x00000000e8c546e8,0x00000000ea780000)
  to   space 36864K, 0% used [0x00000000e5f80000,0x00000000e5f80000,0x00000000e8380000)
 ParOldGen       total 145408K, used 90847K [0x0000000080000000, 0x0000000088e00000, 0x00000000d5580000)
  object space 145408K, 62% used [0x0000000080000000,0x00000000858b7cf0,0x0000000088e00000)
 Metaspace       used 79351K, capacity 83686K, committed 83800K, reserved 1122304K
  class space    used 10872K, capacity 11639K, committed 11648K, reserved 1048576K
Event: 31.970 GC heap after
Heap after GC invocations=22 (full 3):
 PSYoungGen      total 309248K, used 9821K [0x00000000d5580000, 0x00000000ed480000, 0x0000000100000000)
  eden space 272384K, 0% used [0x00000000d5580000,0x00000000d5580000,0x00000000e5f80000)
  from space 36864K, 26% used [0x00000000e5f80000,0x00000000e6917598,0x00000000e8380000)
  to   space 35328K, 0% used [0x00000000eb200000,0x00000000eb200000,0x00000000ed480000)
 ParOldGen       total 145408K, used 90847K [0x0000000080000000, 0x0000000088e00000, 0x00000000d5580000)
  object space 145408K, 62% used [0x0000000080000000,0x00000000858b7cf0,0x0000000088e00000)
 Metaspace       used 79351K, capacity 83686K, committed 83800K, reserved 1122304K
  class space    used 10872K, capacity 11639K, committed 11648K, reserved 1048576K
}
Event: 33.506 GC heap before
{Heap before GC invocations=23 (full 3):
 PSYoungGen      total 309248K, used 282205K [0x00000000d5580000, 0x00000000ed480000, 0x0000000100000000)
  eden space 272384K, 100% used [0x00000000d5580000,0x00000000e5f80000,0x00000000e5f80000)
  from space 36864K, 26% used [0x00000000e5f80000,0x00000000e6917598,0x00000000e8380000)
  to   space 35328K, 0% used [0x00000000eb200000,0x00000000eb200000,0x00000000ed480000)
 ParOldGen       total 145408K, used 90847K [0x0000000080000000, 0x0000000088e00000, 0x00000000d5580000)
  object space 145408K, 62% used [0x0000000080000000,0x00000000858b7cf0,0x0000000088e00000)
 Metaspace       used 79407K, capacity 83772K, committed 83800K, reserved 1122304K
  class space    used 10880K, capacity 11642K, committed 11648K, reserved 1048576K
Event: 33.561 GC heap after
Heap after GC invocations=23 (full 3):
 PSYoungGen      total 354816K, used 11956K [0x00000000d5580000, 0x00000000ed180000, 0x0000000100000000)
  eden space 322560K, 0% used [0x00000000d5580000,0x00000000d5580000,0x00000000e9080000)
  from space 32256K, 37% used [0x00000000eb200000,0x00000000ebdad3a0,0x00000000ed180000)
  to   space 33280K, 0% used [0x00000000e9080000,0x00000000e9080000,0x00000000eb100000)
 ParOldGen       total 145408K, used 90855K [0x0000000080000000, 0x0000000088e00000, 0x00000000d5580000)
  object space 145408K, 62% used [0x0000000080000000,0x00000000858b9cf0,0x0000000088e00000)
 Metaspace       used 79407K, capacity 83772K, committed 83800K, reserved 1122304K
  class space    used 10880K, capacity 11642K, committed 11648K, reserved 1048576K
}
Event: 35.021 GC heap before
{Heap before GC invocations=24 (full 3):
 PSYoungGen      total 354816K, used 334516K [0x00000000d5580000, 0x00000000ed180000, 0x0000000100000000)
  eden space 322560K, 100% used [0x00000000d5580000,0x00000000e9080000,0x00000000e9080000)
  from space 32256K, 37% used [0x00000000eb200000,0x00000000ebdad3a0,0x00000000ed180000)
  to   space 33280K, 0% used [0x00000000e9080000,0x00000000e9080000,0x00000000eb100000)
 ParOldGen       total 145408K, used 90855K [0x0000000080000000, 0x0000000088e00000, 0x00000000d5580000)
  object space 145408K, 62% used [0x0000000080000000,0x00000000858b9cf0,0x0000000088e00000)
 Metaspace       used 79433K, capacity 83772K, committed 83800K, reserved 1122304K
  class space    used 10880K, capacity 11642K, committed 11648K, reserved 1048576K
Event: 35.181 GC heap after
Heap after GC invocations=24 (full 3):
 PSYoungGen      total 355840K, used 17028K [0x00000000d5580000, 0x00000000ed180000, 0x0000000100000000)
  eden space 322560K, 0% used [0x00000000d5580000,0x00000000d5580000,0x00000000e9080000)
  from space 33280K, 51% used [0x00000000e9080000,0x00000000ea1213b0,0x00000000eb100000)
  to   space 32256K, 0% used [0x00000000eb200000,0x00000000eb200000,0x00000000ed180000)
 ParOldGen       total 145408K, used 90863K [0x0000000080000000, 0x0000000088e00000, 0x00000000d5580000)
  object space 145408K, 62% used [0x0000000080000000,0x00000000858bbcf0,0x0000000088e00000)
 Metaspace       used 79433K, capacity 83772K, committed 83800K, reserved 1122304K
  class space    used 10880K, capacity 11642K, committed 11648K, reserved 1048576K
}
Event: 37.872 GC heap before
{Heap before GC invocations=25 (full 3):
 PSYoungGen      total 355840K, used 339588K [0x00000000d5580000, 0x00000000ed180000, 0x0000000100000000)
  eden space 322560K, 100% used [0x00000000d5580000,0x00000000e9080000,0x00000000e9080000)
  from space 33280K, 51% used [0x00000000e9080000,0x00000000ea1213b0,0x00000000eb100000)
  to   space 32256K, 0% used [0x00000000eb200000,0x00000000eb200000,0x00000000ed180000)
 ParOldGen       total 145408K, used 90863K [0x0000000080000000, 0x0000000088e00000, 0x00000000d5580000)
  object space 145408K, 62% used [0x0000000080000000,0x00000000858bbcf0,0x0000000088e00000)
 Metaspace       used 79569K, capacity 83916K, committed 84056K, reserved 1122304K
  class space    used 10880K, capacity 11642K, committed 11648K, reserved 1048576K
Event: 38.213 GC heap after
Heap after GC invocations=25 (full 3):
 PSYoungGen      total 354816K, used 15328K [0x00000000d5580000, 0x00000000ed180000, 0x0000000100000000)
  eden space 322560K, 0% used [0x00000000d5580000,0x00000000d5580000,0x00000000e9080000)
  from space 32256K, 47% used [0x00000000eb200000,0x00000000ec0f8040,0x00000000ed180000)
  to   space 33280K, 0% used [0x00000000e9080000,0x00000000e9080000,0x00000000eb100000)
 ParOldGen       total 145408K, used 95045K [0x0000000080000000, 0x0000000088e00000, 0x00000000d5580000)
  object space 145408K, 65% used [0x0000000080000000,0x0000000085cd17f0,0x0000000088e00000)
 Metaspace       used 79569K, capacity 83916K, committed 84056K, reserved 1122304K
  class space    used 10880K, capacity 11642K, committed 11648K, reserved 1048576K
}
Event: 41.160 GC heap before
{Heap before GC invocations=26 (full 3):
 PSYoungGen      total 354816K, used 337888K [0x00000000d5580000, 0x00000000ed180000, 0x0000000100000000)
  eden space 322560K, 100% used [0x00000000d5580000,0x00000000e9080000,0x00000000e9080000)
  from space 32256K, 47% used [0x00000000eb200000,0x00000000ec0f8040,0x00000000ed180000)
  to   space 33280K, 0% used [0x00000000e9080000,0x00000000e9080000,0x00000000eb100000)
 ParOldGen       total 145408K, used 95045K [0x0000000080000000, 0x0000000088e00000, 0x00000000d5580000)
  object space 145408K, 65% used [0x0000000080000000,0x0000000085cd17f0,0x0000000088e00000)
 Metaspace       used 79712K, capacity 84116K, committed 84312K, reserved 1122304K
  class space    used 10884K, capacity 11644K, committed 11648K, reserved 1048576K
Event: 41.272 GC heap after
Heap after GC invocations=26 (full 3):
 PSYoungGen      total 355840K, used 13239K [0x00000000d5580000, 0x00000000ed180000, 0x0000000100000000)
  eden space 322560K, 0% used [0x00000000d5580000,0x00000000d5580000,0x00000000e9080000)
  from space 33280K, 39% used [0x00000000e9080000,0x00000000e9d6df70,0x00000000eb100000)
  to   space 32256K, 0% used [0x00000000eb200000,0x00000000eb200000,0x00000000ed180000)
 ParOldGen       total 145408K, used 98262K [0x0000000080000000, 0x0000000088e00000, 0x00000000d5580000)
  object space 145408K, 67% used [0x0000000080000000,0x0000000085ff5830,0x0000000088e00000)
 Metaspace       used 79712K, capacity 84116K, committed 84312K, reserved 1122304K
  class space    used 10884K, capacity 11644K, committed 11648K, reserved 1048576K
}

