# JRE version: OpenJDK Runtime Environment (8.0_242-b01) (build 1.8.0_242-release-1644-b01)
# Java VM: OpenJDK 64-Bit Server VM (25.242-b01 mixed mode windows-amd64 compressed oops)
Heap:
 PSYoungGen      total 135680K, used 133625K [0x00000000d5580000, 0x00000000de700000, 0x0000000100000000)
  eden space 124416K, 98% used [0x00000000d5580000,0x00000000dccff1d8,0x00000000dcf00000)
  from space 11264K, 99% used [0x00000000dd100000,0x00000000ddbff320,0x00000000ddc00000)
  to   space 7680K, 99% used [0x00000000ddf80000,0x00000000de6fc020,0x00000000de700000)
 ParOldGen       total 92160K, used 33836K [0x0000000080000000, 0x0000000085a00000, 0x00000000d5580000)
  object space 92160K, 36% used [0x0000000080000000,0x000000008210f1b0,0x0000000085a00000)
 Metaspace       used 56548K, capacity 58846K, committed 58968K, reserved 1099776K
  class space    used 7719K, capacity 8225K, committed 8320K, reserved 1048576K
GC Heap History (10 events):
Event: 7.122 GC heap after
Heap after GC invocations=9 (full 1):
 PSYoungGen      total 109056K, used 9274K [0x00000000d5580000, 0x00000000dcd00000, 0x0000000100000000)
  eden space 97792K, 0% used [0x00000000d5580000,0x00000000d5580000,0x00000000db500000)
  from space 11264K, 82% used [0x00000000dc080000,0x00000000dc98ebe8,0x00000000dcb80000)
  to   space 11776K, 0% used [0x00000000db500000,0x00000000db500000,0x00000000dc080000)
 ParOldGen       total 61952K, used 9132K [0x0000000080000000, 0x0000000083c80000, 0x00000000d5580000)
  object space 61952K, 14% used [0x0000000080000000,0x00000000808eb2d8,0x0000000083c80000)
 Metaspace       used 32855K, capacity 33934K, committed 34048K, reserved 1079296K
  class space    used 4479K, capacity 4752K, committed 4864K, reserved 1048576K
}
Event: 7.749 GC heap before
{Heap before GC invocations=10 (full 1):
 PSYoungGen      total 109056K, used 36211K [0x00000000d5580000, 0x00000000dcd00000, 0x0000000100000000)
  eden space 97792K, 27% used [0x00000000d5580000,0x00000000d6fce208,0x00000000db500000)
  from space 11264K, 82% used [0x00000000dc080000,0x00000000dc98ebe8,0x00000000dcb80000)
  to   space 11776K, 0% used [0x00000000db500000,0x00000000db500000,0x00000000dc080000)
 ParOldGen       total 61952K, used 9132K [0x0000000080000000, 0x0000000083c80000, 0x00000000d5580000)
  object space 61952K, 14% used [0x0000000080000000,0x00000000808eb2d8,0x0000000083c80000)
 Metaspace       used 34239K, capacity 35390K, committed 35416K, reserved 1079296K
  class space    used 4705K, capacity 4971K, committed 4992K, reserved 1048576K
Event: 7.768 GC heap after
Heap after GC invocations=10 (full 1):
 PSYoungGen      total 109568K, used 7918K [0x00000000d5580000, 0x00000000deb00000, 0x0000000100000000)
  eden space 97792K, 0% used [0x00000000d5580000,0x00000000d5580000,0x00000000db500000)
  from space 11776K, 67% used [0x00000000db500000,0x00000000dbcbb868,0x00000000dc080000)
  to   space 11776K, 0% used [0x00000000ddf80000,0x00000000ddf80000,0x00000000deb00000)
 ParOldGen       total 61952K, used 9140K [0x0000000080000000, 0x0000000083c80000, 0x00000000d5580000)
  object space 61952K, 14% used [0x0000000080000000,0x00000000808ed2d8,0x0000000083c80000)
 Metaspace       used 34239K, capacity 35390K, committed 35416K, reserved 1079296K
  class space    used 4705K, capacity 4971K, committed 4992K, reserved 1048576K
}
Event: 7.768 GC heap before
{Heap before GC invocations=11 (full 2):
 PSYoungGen      total 109568K, used 7918K [0x00000000d5580000, 0x00000000deb00000, 0x0000000100000000)
  eden space 97792K, 0% used [0x00000000d5580000,0x00000000d5580000,0x00000000db500000)
  from space 11776K, 67% used [0x00000000db500000,0x00000000dbcbb868,0x00000000dc080000)
  to   space 11776K, 0% used [0x00000000ddf80000,0x00000000ddf80000,0x00000000deb00000)
 ParOldGen       total 61952K, used 9140K [0x0000000080000000, 0x0000000083c80000, 0x00000000d5580000)
  object space 61952K, 14% used [0x0000000080000000,0x00000000808ed2d8,0x0000000083c80000)
 Metaspace       used 34239K, capacity 35390K, committed 35416K, reserved 1079296K
  class space    used 4705K, capacity 4971K, committed 4992K, reserved 1048576K
Event: 7.843 GC heap after
Heap after GC invocations=11 (full 2):
 PSYoungGen      total 109568K, used 0K [0x00000000d5580000, 0x00000000deb00000, 0x0000000100000000)
  eden space 97792K, 0% used [0x00000000d5580000,0x00000000d5580000,0x00000000db500000)
  from space 11776K, 0% used [0x00000000db500000,0x00000000db500000,0x00000000dc080000)
  to   space 11776K, 0% used [0x00000000ddf80000,0x00000000ddf80000,0x00000000deb00000)
 ParOldGen       total 92160K, used 14476K [0x0000000080000000, 0x0000000085a00000, 0x00000000d5580000)
  object space 92160K, 15% used [0x0000000080000000,0x0000000080e233f8,0x0000000085a00000)
 Metaspace       used 34239K, capacity 35390K, committed 35416K, reserved 1079296K
  class space    used 4705K, capacity 4971K, committed 4992K, reserved 1048576K
}
Event: 9.430 GC heap before
{Heap before GC invocations=12 (full 2):
 PSYoungGen      total 109568K, used 97792K [0x00000000d5580000, 0x00000000deb00000, 0x0000000100000000)
  eden space 97792K, 100% used [0x00000000d5580000,0x00000000db500000,0x00000000db500000)
  from space 11776K, 0% used [0x00000000db500000,0x00000000db500000,0x00000000dc080000)
  to   space 11776K, 0% used [0x00000000ddf80000,0x00000000ddf80000,0x00000000deb00000)
 ParOldGen       total 92160K, used 14476K [0x0000000080000000, 0x0000000085a00000, 0x00000000d5580000)
  object space 92160K, 15% used [0x0000000080000000,0x0000000080e233f8,0x0000000085a00000)
 Metaspace       used 37115K, capacity 38692K, committed 39000K, reserved 1083392K
  class space    used 5108K, capacity 5435K, committed 5504K, reserved 1048576K
Event: 9.443 GC heap after
Heap after GC invocations=12 (full 2):
 PSYoungGen      total 132096K, used 7362K [0x00000000d5580000, 0x00000000de700000, 0x0000000100000000)
  eden space 124416K, 0% used [0x00000000d5580000,0x00000000d5580000,0x00000000dcf00000)
  from space 7680K, 95% used [0x00000000ddf80000,0x00000000de6b0a00,0x00000000de700000)
  to   space 11264K, 0% used [0x00000000dd100000,0x00000000dd100000,0x00000000ddc00000)
 ParOldGen       total 92160K, used 14484K [0x0000000080000000, 0x0000000085a00000, 0x00000000d5580000)
  object space 92160K, 15% used [0x0000000080000000,0x0000000080e253f8,0x0000000085a00000)
 Metaspace       used 37115K, capacity 38692K, committed 39000K, reserved 1083392K
  class space    used 5108K, capacity 5435K, committed 5504K, reserved 1048576K
}
Event: 11.803 GC heap before
{Heap before GC invocations=13 (full 2):
 PSYoungGen      total 132096K, used 131778K [0x00000000d5580000, 0x00000000de700000, 0x0000000100000000)
  eden space 124416K, 100% used [0x00000000d5580000,0x00000000dcf00000,0x00000000dcf00000)
  from space 7680K, 95% used [0x00000000ddf80000,0x00000000de6b0a00,0x00000000de700000)
  to   space 11264K, 0% used [0x00000000dd100000,0x00000000dd100000,0x00000000ddc00000)
 ParOldGen       total 92160K, used 14484K [0x0000000080000000, 0x0000000085a00000, 0x00000000d5580000)
  object space 92160K, 15% used [0x0000000080000000,0x0000000080e253f8,0x0000000085a00000)
 Metaspace       used 50749K, capacity 52664K, committed 52824K, reserved 1095680K
  class space    used 6767K, capacity 7201K, committed 7296K, reserved 1048576K
Event: 11.828 GC heap after
Heap after GC invocations=13 (full 2):
 PSYoungGen      total 135680K, used 11260K [0x00000000d5580000, 0x00000000de700000, 0x0000000100000000)
  eden space 124416K, 0% used [0x00000000d5580000,0x00000000d5580000,0x00000000dcf00000)
  from space 11264K, 99% used [0x00000000dd100000,0x00000000ddbff320,0x00000000ddc00000)
  to   space 7680K, 0% used [0x00000000ddf80000,0x00000000ddf80000,0x00000000de700000)
 ParOldGen       total 92160K, used 23810K [0x0000000080000000, 0x0000000085a00000, 0x00000000d5580000)
  object space 92160K, 25% used [0x0000000080000000,0x0000000081740b70,0x0000000085a00000)
 Metaspace       used 50749K, capacity 52664K, committed 52824K, reserved 1095680K
  class space    used 6767K, capacity 7201K, committed 7296K, reserved 1048576K
}
Event: 13.410 GC heap before
{Heap before GC invocations=14 (full 2):
 PSYoungGen      total 135680K, used 133625K [0x00000000d5580000, 0x00000000de700000, 0x0000000100000000)
  eden space 124416K, 98% used [0x00000000d5580000,0x00000000dccff1d8,0x00000000dcf00000)
  from space 11264K, 99% used [0x00000000dd100000,0x00000000ddbff320,0x00000000ddc00000)
  to   space 7680K, 0% used [0x00000000ddf80000,0x00000000ddf80000,0x00000000de700000)
 ParOldGen       total 92160K, used 23810K [0x0000000080000000, 0x0000000085a00000, 0x00000000d5580000)
  object space 92160K, 25% used [0x0000000080000000,0x0000000081740b70,0x0000000085a00000)
 Metaspace       used 56548K, capacity 58846K, committed 58968K, reserved 1099776K
  class space    used 7719K, capacity 8225K, committed 8320K, reserved 1048576K

